[29-Mar-2020 14:49:16] NOTICE: fpm is running, pid 688
[29-Mar-2020 14:49:16] NOTICE: ready to handle connections
[30-Mar-2020 11:04:51] NOTICE: Terminating ...
[30-Mar-2020 11:04:51] NOTICE: Terminating ...
[30-Mar-2020 11:04:51] NOTICE: exiting, bye-bye!
[27-Apr-2020 19:16:39] NOTICE: fpm is running, pid 6678
[27-Apr-2020 19:16:39] NOTICE: ready to handle connections
[28-Apr-2020 19:43:28] NOTICE: Terminating ...
[28-Apr-2020 19:43:28] NOTICE: Terminating ...
[28-Apr-2020 19:43:28] NOTICE: exiting, bye-bye!
[29-Apr-2020 14:53:38] NOTICE: fpm is running, pid 3564
[29-Apr-2020 14:53:38] NOTICE: ready to handle connections
[29-Apr-2020 22:04:45] NOTICE: Terminating ...
[29-Apr-2020 22:04:45] NOTICE: Terminating ...
[29-Apr-2020 22:04:45] NOTICE: exiting, bye-bye!
[02-May-2020 18:50:08] NOTICE: fpm is running, pid 20849
[02-May-2020 18:50:08] NOTICE: ready to handle connections
[03-May-2020 00:21:15] NOTICE: Terminating ...
[03-May-2020 00:21:15] NOTICE: Terminating ...
[03-May-2020 00:21:15] NOTICE: exiting, bye-bye!
[03-May-2020 14:32:14] NOTICE: fpm is running, pid 1774
[03-May-2020 14:32:14] NOTICE: ready to handle connections
